#
# There is insufficient memory for the Java Runtime Environment to continue.
# Native memory allocation (malloc) failed to allocate 1048576 bytes for AllocateHeap
# Possible reasons:
#   The system is out of physical RAM or swap space
#   In 32 bit mode, the process size limit was hit
# Possible solutions:
#   Reduce memory load on the system
#   Increase physical memory or swap space
#   Check if swap backing store is full
#   Use 64 bit Java on a 64 bit OS
#   Decrease Java heap size (-Xmx/-Xms)
#   Decrease number of Java threads
#   Decrease Java thread stack sizes (-Xss)
#   Set larger code cache with -XX:ReservedCodeCacheSize=
# This output file may be truncated or incomplete.
#
#  Out of Memory Error (memory/allocation.inline.hpp:61), pid=25412, tid=0x0000000000001bc0
#
# JRE version:  (8.0_181-b13) (build )
# Java VM: Java HotSpot(TM) 64-Bit Server VM (25.181-b13 mixed mode windows-amd64 compressed oops)
# Failed to write core dump. Minidumps are not enabled by default on client versions of Windows
#

---------------  T H R E A D  ---------------

Current thread (0x0000000002972800):  JavaThread "Unknown thread" [_thread_in_vm, id=7104, stack(0x0000000002870000,0x0000000002970000)]

Stack: [0x0000000002870000,0x0000000002970000]
[error occurred during error reporting (printing stack bounds), id 0xc0000005]

Native frames: (J=compiled Java code, j=interpreted, Vv=VM code, C=native code)


---------------  P R O C E S S  ---------------

Java Threads: ( => current thread )

Other Threads:

=>0x0000000002972800 (exited) JavaThread "Unknown thread" [_thread_in_vm, id=7104, stack(0x0000000002870000,0x0000000002970000)]

VM state:not at safepoint (normal execution)

VM Mutex/Monitor currently owned by a thread: None

Heap:
 PSYoungGen      total 38400K, used 665K [0x00000000d5d00000, 0x00000000d8780000, 0x0000000100000000)
  eden space 33280K, 2% used [0x00000000d5d00000,0x00000000d5da6670,0x00000000d7d80000)
  from space 5120K, 0% used [0x00000000d8280000,0x00000000d8280000,0x00000000d8780000)
  to   space 5120K, 0% used [0x00000000d7d80000,0x00000000d7d80000,0x00000000d8280000)
 ParOldGen       total 87552K, used 0K [0x0000000081600000, 0x0000000086b80000, 0x00000000d5d00000)
  object space 87552K, 0% used [0x0000000081600000,0x0000000081600000,0x0000000086b80000)
 Metaspace       used 775K, capacity 4480K, committed 4480K, reserved 1056768K
  class space    used 76K, capacity 384K, committed 384K, reserved 1048576K

Card table byte_map: [0x0000000011e30000,0x0000000012230000] byte_map_base: 0x0000000011a25000

Marking Bits: (ParMarkBitMap*) 0x000000005e152d00
 Begin Bits: [0x00000000128e0000, 0x0000000014888000)
 End Bits:   [0x0000000014888000, 0x0000000016830000)

Polling page: 0x0000000000b80000

CodeCache: size=245760Kb used=328Kb max_used=328Kb free=245431Kb
 bounds [0x0000000002a70000, 0x0000000002ce0000, 0x0000000011a70000]
 total_blobs=58 nmethods=0 adapters=38
 compilation: enabled

Compilation events (0 events):
No events

GC Heap History (0 events):
No events

Deoptimization events (0 events):
No events

Classes redefined (0 events):
No events

Internal exceptions (0 events):
No events

Events (10 events):
Event: 0.025 loading class java/lang/Short
Event: 0.025 loading class java/lang/Short done
Event: 0.025 loading class java/lang/Integer
Event: 0.025 loading class java/lang/Integer done
Event: 0.025 loading class java/lang/Long
Event: 0.025 loading class java/lang/Long done
Event: 0.026 loading class java/lang/NullPointerException
Event: 0.026 loading class java/lang/NullPointerException done
Event: 0.026 loading class java/lang/ArithmeticException
Event: 0.026 loading class java/lang/ArithmeticException done


Dynamic libraries:
0x00007ff72bac0000 - 0x00007ff72baf7000 	C:\Program Files\Java\jdk1.8.0_181\bin\java.exe
0x00007ffdeb360000 - 0x00007ffdeb541000 	C:\Windows\SYSTEM32\ntdll.dll
0x00007ffdeaf20000 - 0x00007ffdeafd2000 	C:\Windows\System32\KERNEL32.DLL
0x00007ffde7750000 - 0x00007ffde79c3000 	C:\Windows\System32\KERNELBASE.dll
0x00007ffdeab30000 - 0x00007ffdeabd1000 	C:\Windows\System32\ADVAPI32.dll
0x00007ffde8b20000 - 0x00007ffde8bbe000 	C:\Windows\System32\msvcrt.dll
0x00007ffde8ac0000 - 0x00007ffde8b1b000 	C:\Windows\System32\sechost.dll
0x00007ffde8d60000 - 0x00007ffde8e84000 	C:\Windows\System32\RPCRT4.dll
0x00007ffdeafe0000 - 0x00007ffdeb170000 	C:\Windows\System32\USER32.dll
0x00007ffde7730000 - 0x00007ffde7750000 	C:\Windows\System32\win32u.dll
0x00007ffdeb170000 - 0x00007ffdeb198000 	C:\Windows\System32\GDI32.dll
0x00007ffde8190000 - 0x00007ffde8322000 	C:\Windows\System32\gdi32full.dll
0x00007ffde86d0000 - 0x00007ffde876f000 	C:\Windows\System32\msvcp_win.dll
0x00007ffde8580000 - 0x00007ffde867a000 	C:\Windows\System32\ucrtbase.dll
0x00007ffdda730000 - 0x00007ffdda999000 	C:\Windows\WinSxS\amd64_microsoft.windows.common-controls_6595b64144ccf1df_6.0.17134.228_none_fb4599993062b194\COMCTL32.dll
0x00007ffdeabe0000 - 0x00007ffdeaf03000 	C:\Windows\System32\combase.dll
0x00007ffde8770000 - 0x00007ffde87ea000 	C:\Windows\System32\bcryptPrimitives.dll
0x00007ffdeb300000 - 0x00007ffdeb32d000 	C:\Windows\System32\IMM32.DLL
0x000000005e1e0000 - 0x000000005e2b2000 	C:\Program Files\Java\jdk1.8.0_181\jre\bin\msvcr100.dll
0x000000005d930000 - 0x000000005e1d2000 	C:\Program Files\Java\jdk1.8.0_181\jre\bin\server\jvm.dll
0x00007ffdeaf10000 - 0x00007ffdeaf18000 	C:\Windows\System32\PSAPI.DLL
0x00007ffddaa10000 - 0x00007ffddaa1a000 	C:\Windows\SYSTEM32\VERSION.dll
0x00007ffdd6c60000 - 0x00007ffdd6c69000 	C:\Windows\SYSTEM32\WSOCK32.dll
0x00007ffde44b0000 - 0x00007ffde44d3000 	C:\Windows\SYSTEM32\WINMM.dll
0x00007ffdea8b0000 - 0x00007ffdea91c000 	C:\Windows\System32\WS2_32.dll
0x00007ffde4480000 - 0x00007ffde44aa000 	C:\Windows\SYSTEM32\winmmbase.dll
0x00007ffde8680000 - 0x00007ffde86c9000 	C:\Windows\System32\cfgmgr32.dll
0x000000005d920000 - 0x000000005d92f000 	C:\Program Files\Java\jdk1.8.0_181\jre\bin\verify.dll
0x000000005d8f0000 - 0x000000005d919000 	C:\Program Files\Java\jdk1.8.0_181\jre\bin\java.dll
0x000000005d8d0000 - 0x000000005d8e6000 	C:\Program Files\Java\jdk1.8.0_181\jre\bin\zip.dll

VM Arguments:
java_command: <unknown>
java_class_path (initial): .
Launcher Type: SUN_STANDARD

Environment Variables:
JAVA_HOME=C:\Program Files\Java\jdk1.8.0_181
PATH=C:\Program Files\Java\jdk1.8.0_181\bin;C:\Program Files (x86)\Intel\iCLS Client\;C:\Program Files\Intel\iCLS Client\;C:\Windows\system32;C:\Windows;C:\Windows\System32\Wbem;C:\Windows\System32\WindowsPowerShell\v1.0\;C:\Windows\System32\OpenSSH\;C:\Program Files\Intel\Intel(R) Management Engine Components\DAL;C:\Program Files\Intel\Intel(R) Management Engine Components\IPT;C:\Program Files (x86)\Intel\Intel(R) Management Engine Components\DAL;C:\Program Files (x86)\Intel\Intel(R) Management Engine Components\IPT;C:\Program Files\dotnet\;C:\Program Files\Microsoft SQL Server\130\Tools\Binn\;C:\Program Files\Microsoft SQL Server\Client SDK\ODBC\110\Tools\Binn\;C:\Program Files (x86)\Microsoft SQL Server\120\Tools\Binn\;C:\Program Files\Microsoft SQL Server\120\Tools\Binn\;C:\Program Files\Microsoft SQL Server\120\DTS\Binn\;C:\Program Files\nodejs\;C:\Users\Ishara\AppData\Local\Microsoft\WindowsApps;C:\Users\Ishara\AppData\Local\GitHubDesktop\bin;C:\Users\Ishara\AppData\Roaming\npm;C:\Users\Ishara\AppData\Local\Programs\Microsoft VS Code\bin
USERNAME=Ishara
OS=Windows_NT
PROCESSOR_IDENTIFIER=Intel64 Family 6 Model 69 Stepping 1, GenuineIntel



---------------  S Y S T E M  ---------------

OS: Windows 10.0 , 64 bit Build 17134 (10.0.17134.1)

CPU:total 4 (initial active 4) (2 cores per cpu, 2 threads per core) family 6 model 69 stepping 1, cmov, cx8, fxsr, mmx, sse, sse2, sse3, ssse3, sse4.1, sse4.2, popcnt, avx, avx2, aes, clmul, erms, lzcnt, ht, tsc, tscinvbit, bmi1, bmi2

Memory: 4k page, physical 8291720k(2067840k free), swap 8975396k(138548k free)

vm_info: Java HotSpot(TM) 64-Bit Server VM (25.181-b13) for windows-amd64 JRE (1.8.0_181-b13), built on Jul  7 2018 04:01:33 by "java_re" with MS VC++ 10.0 (VS2010)

time: Mon Feb 11 01:18:08 2019
elapsed time: 0 seconds (0d 0h 0m 0s)

