#
# There is insufficient memory for the Java Runtime Environment to continue.
# Native memory allocation (malloc) failed to allocate 474784 bytes for Chunk::new
# Possible reasons:
#   The system is out of physical RAM or swap space
#   In 32 bit mode, the process size limit was hit
# Possible solutions:
#   Reduce memory load on the system
#   Increase physical memory or swap space
#   Check if swap backing store is full
#   Use 64 bit Java on a 64 bit OS
#   Decrease Java heap size (-Xmx/-Xms)
#   Decrease number of Java threads
#   Decrease Java thread stack sizes (-Xss)
#   Set larger code cache with -XX:ReservedCodeCacheSize=
# This output file may be truncated or incomplete.
#
#  Out of Memory Error (allocation.cpp:390), pid=17816, tid=0x0000000000002f3c
#
# JRE version: Java(TM) SE Runtime Environment (8.0_181-b13) (build 1.8.0_181-b13)
# Java VM: Java HotSpot(TM) 64-Bit Server VM (25.181-b13 mixed mode windows-amd64 compressed oops)
# Failed to write core dump. Minidumps are not enabled by default on client versions of Windows
#

---------------  T H R E A D  ---------------

Current thread (0x0000000015135000):  JavaThread "C2 CompilerThread1" daemon [_thread_in_native, id=12092, stack(0x0000000016880000,0x0000000016980000)]

Stack: [0x0000000016880000,0x0000000016980000]
[error occurred during error reporting (printing stack bounds), id 0xc0000005]

Native frames: (J=compiled Java code, j=interpreted, Vv=VM code, C=native code)


Current CompileTask:
C2:   1063 1308       4       com.android.dx.ssa.SCCP::simulateBranch (666 bytes)


---------------  P R O C E S S  ---------------

Java Threads: ( => current thread )
  0x0000000016cfa800 JavaThread "pool-2-thread-1" [_thread_blocked, id=16564, stack(0x0000000017180000,0x0000000017280000)]
  0x0000000016cef800 JavaThread "pool-1-thread-1" [_thread_blocked, id=2624, stack(0x0000000017080000,0x0000000017180000)]
  0x000000001518e000 JavaThread "Service Thread" daemon [_thread_blocked, id=19424, stack(0x0000000016e80000,0x0000000016f80000)]
  0x0000000015139800 JavaThread "C1 CompilerThread2" daemon [_thread_blocked, id=17872, stack(0x0000000016980000,0x0000000016a80000)]
=>0x0000000015135000 JavaThread "C2 CompilerThread1" daemon [_thread_in_native, id=12092, stack(0x0000000016880000,0x0000000016980000)]
  0x0000000015130800 JavaThread "C2 CompilerThread0" daemon [_thread_in_native, id=18412, stack(0x0000000016780000,0x0000000016880000)]
  0x000000001512d800 JavaThread "Attach Listener" daemon [_thread_blocked, id=13892, stack(0x0000000016680000,0x0000000016780000)]
  0x000000001512c800 JavaThread "Signal Dispatcher" daemon [_thread_blocked, id=5648, stack(0x0000000016580000,0x0000000016680000)]
  0x0000000002a5e000 JavaThread "Finalizer" daemon [_thread_blocked, id=16908, stack(0x0000000016390000,0x0000000016490000)]
  0x0000000002a55800 JavaThread "Reference Handler" daemon [_thread_blocked, id=16888, stack(0x0000000016290000,0x0000000016390000)]
  0x0000000002963000 JavaThread "main" [_thread_blocked, id=17756, stack(0x00000000027a0000,0x00000000028a0000)]

Other Threads:
  0x00000000150f7800 VMThread [stack: 0x0000000016190000,0x0000000016290000] [id=14436]
  0x0000000016acc800 WatcherThread [stack: 0x0000000016f80000,0x0000000017080000] [id=16672]

VM state:at safepoint (normal execution)

VM Mutex/Monitor currently owned by a thread:  ([mutex/lock_event])
[0x000000000295e5e0] Threads_lock - owner thread: 0x00000000150f7800
[0x000000000295d960] Heap_lock - owner thread: 0x0000000016cef800

Heap:
 PSYoungGen      total 38400K, used 38379K [0x00000000eab00000, 0x00000000ed580000, 0x0000000100000000)
  eden space 33280K, 100% used [0x00000000eab00000,0x00000000ecb80000,0x00000000ecb80000)
  from space 5120K, 99% used [0x00000000ecb80000,0x00000000ed07ae78,0x00000000ed080000)
  to   space 5120K, 99% used [0x00000000ed080000,0x00000000ed57e010,0x00000000ed580000)
 ParOldGen       total 87552K, used 6039K [0x00000000c0000000, 0x00000000c5580000, 0x00000000eab00000)
  object space 87552K, 6% used [0x00000000c0000000,0x00000000c05e5c80,0x00000000c5580000)
 Metaspace       used 6195K, capacity 7064K, committed 7424K, reserved 1056768K
  class space    used 601K, capacity 656K, committed 768K, reserved 1048576K

Card table byte_map: [0x0000000011e20000,0x0000000012030000] byte_map_base: 0x0000000011820000

Marking Bits: (ParMarkBitMap*) 0x000000006b542d00
 Begin Bits: [0x0000000012590000, 0x0000000013590000)
 End Bits:   [0x0000000013590000, 0x0000000014590000)

Polling page: 0x00000000005e0000

CodeCache: size=245760Kb used=5868Kb max_used=5868Kb free=239891Kb
 bounds [0x0000000002a60000, 0x0000000003020000, 0x0000000011a60000]
 total_blobs=1699 nmethods=1429 adapters=181
 compilation: disabled (not enough contiguous free space left)

Compilation events (10 events):
Event: 1.005 Thread 0x0000000015139800 1437       3       java.util.HashMap$HashIterator::nextNode (100 bytes)
Event: 1.006 Thread 0x0000000015139800 nmethod 1437 0x000000000301af50 code [0x000000000301b100, 0x000000000301b5d8]
Event: 1.007 Thread 0x0000000015139800 1438       1       com.android.dx.cf.attrib.InnerClassList$Item::getInnerClass (5 bytes)
Event: 1.007 Thread 0x0000000015139800 nmethod 1438 0x000000000301b810 code [0x000000000301b960, 0x000000000301ba70]
Event: 1.007 Thread 0x0000000015139800 1439       1       com.android.dx.cf.attrib.InnerClassList$Item::getOuterClass (5 bytes)
Event: 1.007 Thread 0x0000000015139800 nmethod 1439 0x000000000301bad0 code [0x000000000301bc20, 0x000000000301bd30]
Event: 1.008 Thread 0x0000000015139800 1440   !   3       com.android.dx.cf.code.Merger::mergeStack (192 bytes)
Event: 1.010 Thread 0x0000000015139800 nmethod 1440 0x000000000301bd90 code [0x000000000301c120, 0x000000000301e118]
Event: 1.010 Thread 0x0000000015139800 1441       3       com.android.dx.cf.code.Frame::mergeSubroutineLists (90 bytes)
Event: 1.013 Thread 0x0000000015139800 


GC Heap History (3 events):
Event: 0.753 GC heap before
{Heap before GC invocations=1 (full 0):
 PSYoungGen      total 38400K, used 33280K [0x00000000eab00000, 0x00000000ed580000, 0x0000000100000000)
  eden space 33280K, 100% used [0x00000000eab00000,0x00000000ecb80000,0x00000000ecb80000)
  from space 5120K, 0% used [0x00000000ed080000,0x00000000ed080000,0x00000000ed580000)
  to   space 5120K, 0% used [0x00000000ecb80000,0x00000000ecb80000,0x00000000ed080000)
 ParOldGen       total 87552K, used 0K [0x00000000c0000000, 0x00000000c5580000, 0x00000000eab00000)
  object space 87552K, 0% used [0x00000000c0000000,0x00000000c0000000,0x00000000c5580000)
 Metaspace       used 6041K, capacity 6936K, committed 7168K, reserved 1056768K
  class space    used 601K, capacity 656K, committed 768K, reserved 1048576K
Event: 0.768 GC heap after
Heap after GC invocations=1 (full 0):
 PSYoungGen      total 38400K, used 5099K [0x00000000eab00000, 0x00000000ed580000, 0x0000000100000000)
  eden space 33280K, 0% used [0x00000000eab00000,0x00000000eab00000,0x00000000ecb80000)
  from space 5120K, 99% used [0x00000000ecb80000,0x00000000ed07ae78,0x00000000ed080000)
  to   space 5120K, 0% used [0x00000000ed080000,0x00000000ed080000,0x00000000ed580000)
 ParOldGen       total 87552K, used 1431K [0x00000000c0000000, 0x00000000c5580000, 0x00000000eab00000)
  object space 87552K, 1% used [0x00000000c0000000,0x00000000c0165c80,0x00000000c5580000)
 Metaspace       used 6041K, capacity 6936K, committed 7168K, reserved 1056768K
  class space    used 601K, capacity 656K, committed 768K, reserved 1048576K
}
Event: 1.047 GC heap before
{Heap before GC invocations=2 (full 0):
 PSYoungGen      total 38400K, used 38379K [0x00000000eab00000, 0x00000000ed580000, 0x0000000100000000)
  eden space 33280K, 100% used [0x00000000eab00000,0x00000000ecb80000,0x00000000ecb80000)
  from space 5120K, 99% used [0x00000000ecb80000,0x00000000ed07ae78,0x00000000ed080000)
  to   space 5120K, 0% used [0x00000000ed080000,0x00000000ed080000,0x00000000ed580000)
 ParOldGen       total 87552K, used 1431K [0x00000000c0000000, 0x00000000c5580000, 0x00000000eab00000)
  object space 87552K, 1% used [0x00000000c0000000,0x00000000c0165c80,0x00000000c5580000)
 Metaspace       used 6195K, capacity 7064K, committed 7424K, reserved 1056768K
  class space    used 601K, capacity 656K, committed 768K, reserved 1048576K

Deoptimization events (2 events):
Event: 0.372 Thread 0x0000000016cef800 Uncommon trap: reason=unstable_if action=reinterpret pc=0x0000000002c68910 method=java.util.HashMap.getNode(ILjava/lang/Object;)Ljava/util/HashMap$Node; @ 129
Event: 0.394 Thread 0x0000000002963000 Uncommon trap: reason=unstable_if action=reinterpret pc=0x0000000002bd1c48 method=java.lang.String.startsWith(Ljava/lang/String;I)Z @ 25

Classes redefined (0 events):
No events

Internal exceptions (2 events):
Event: 0.038 Thread 0x0000000002963000 Exception <a 'java/lang/NoSuchMethodError': Method sun.misc.Unsafe.defineClass(Ljava/lang/String;[BII)Ljava/lang/Class; name or signature does not match> (0x00000000eab07cb0) thrown at [C:\re\workspace\8-2-build-windows-amd64-cygwin\jdk8u181\11358\hotspot
Event: 0.038 Thread 0x0000000002963000 Exception <a 'java/lang/NoSuchMethodError': Method sun.misc.Unsafe.prefetchRead(Ljava/lang/Object;J)V name or signature does not match> (0x00000000eab07f98) thrown at [C:\re\workspace\8-2-build-windows-amd64-cygwin\jdk8u181\11358\hotspot\src\share\vm\prim

Events (10 events):
Event: 0.420 loading class com/android/dx/rop/code/LocalItem done
Event: 0.431 Executing VM operation: ForceSafepoint
Event: 0.431 Executing VM operation: ForceSafepoint done
Event: 0.514 loading class com/android/dx/dex/file/MethodAnnotationStruct
Event: 0.514 loading class com/android/dx/dex/file/MethodAnnotationStruct done
Event: 0.732 Executing VM operation: ForceSafepoint
Event: 0.732 Executing VM operation: ForceSafepoint done
Event: 0.753 Executing VM operation: ParallelGCFailedAllocation
Event: 0.768 Executing VM operation: ParallelGCFailedAllocation done
Event: 1.047 Executing VM operation: ParallelGCFailedAllocation


Dynamic libraries:
0x00007ff792ee0000 - 0x00007ff792f17000 	C:\Program Files\Java\jdk1.8.0_181\bin\java.exe
0x00007ffc3c640000 - 0x00007ffc3c821000 	C:\Windows\SYSTEM32\ntdll.dll
0x00007ffc3c550000 - 0x00007ffc3c602000 	C:\Windows\System32\KERNEL32.DLL
0x00007ffc39580000 - 0x00007ffc397f3000 	C:\Windows\System32\KERNELBASE.dll
0x00007ffc3ad20000 - 0x00007ffc3adc1000 	C:\Windows\System32\ADVAPI32.dll
0x00007ffc3aec0000 - 0x00007ffc3af5e000 	C:\Windows\System32\msvcrt.dll
0x00007ffc3a620000 - 0x00007ffc3a67b000 	C:\Windows\System32\sechost.dll
0x00007ffc3a490000 - 0x00007ffc3a5b4000 	C:\Windows\System32\RPCRT4.dll
0x00007ffc3a940000 - 0x00007ffc3aad0000 	C:\Windows\System32\USER32.dll
0x00007ffc38bc0000 - 0x00007ffc38be0000 	C:\Windows\System32\win32u.dll
0x00007ffc3a910000 - 0x00007ffc3a938000 	C:\Windows\System32\GDI32.dll
0x00007ffc398e0000 - 0x00007ffc39a72000 	C:\Windows\System32\gdi32full.dll
0x00007ffc394e0000 - 0x00007ffc3957f000 	C:\Windows\System32\msvcp_win.dll
0x00007ffc38a10000 - 0x00007ffc38b0a000 	C:\Windows\System32\ucrtbase.dll
0x00007ffc2cb00000 - 0x00007ffc2cd69000 	C:\Windows\WinSxS\amd64_microsoft.windows.common-controls_6595b64144ccf1df_6.0.17134.228_none_fb4599993062b194\COMCTL32.dll
0x00007ffc3a160000 - 0x00007ffc3a483000 	C:\Windows\System32\combase.dll
0x00007ffc39800000 - 0x00007ffc3987a000 	C:\Windows\System32\bcryptPrimitives.dll
0x00007ffc3ab30000 - 0x00007ffc3ab5d000 	C:\Windows\System32\IMM32.DLL
0x000000006b5d0000 - 0x000000006b6a2000 	C:\Program Files\Java\jdk1.8.0_181\jre\bin\msvcr100.dll
0x000000006ad20000 - 0x000000006b5c2000 	C:\Program Files\Java\jdk1.8.0_181\jre\bin\server\jvm.dll
0x00007ffc39c50000 - 0x00007ffc39c58000 	C:\Windows\System32\PSAPI.DLL
0x00007ffc2d6f0000 - 0x00007ffc2d6fa000 	C:\Windows\SYSTEM32\VERSION.dll
0x00007ffc2eaf0000 - 0x00007ffc2eaf9000 	C:\Windows\SYSTEM32\WSOCK32.dll
0x00007ffc35790000 - 0x00007ffc357b3000 	C:\Windows\SYSTEM32\WINMM.dll
0x00007ffc3acb0000 - 0x00007ffc3ad1c000 	C:\Windows\System32\WS2_32.dll
0x00007ffc35760000 - 0x00007ffc3578a000 	C:\Windows\SYSTEM32\winmmbase.dll
0x00007ffc39a80000 - 0x00007ffc39ac9000 	C:\Windows\System32\cfgmgr32.dll
0x000000006ad10000 - 0x000000006ad1f000 	C:\Program Files\Java\jdk1.8.0_181\jre\bin\verify.dll
0x000000006ace0000 - 0x000000006ad09000 	C:\Program Files\Java\jdk1.8.0_181\jre\bin\java.dll
0x000000006acc0000 - 0x000000006acd6000 	C:\Program Files\Java\jdk1.8.0_181\jre\bin\zip.dll
0x00007ffc3af70000 - 0x00007ffc3c3b0000 	C:\Windows\System32\SHELL32.dll
0x00007ffc3a700000 - 0x00007ffc3a7a9000 	C:\Windows\System32\shcore.dll
0x00007ffc38dd0000 - 0x00007ffc394dd000 	C:\Windows\System32\windows.storage.dll
0x00007ffc3ab60000 - 0x00007ffc3abb1000 	C:\Windows\System32\shlwapi.dll
0x00007ffc389f0000 - 0x00007ffc38a01000 	C:\Windows\System32\kernel.appcore.dll
0x00007ffc38950000 - 0x00007ffc3896f000 	C:\Windows\System32\profapi.dll
0x00007ffc389a0000 - 0x00007ffc389ec000 	C:\Windows\System32\powrprof.dll
0x00007ffc38970000 - 0x00007ffc3897a000 	C:\Windows\System32\FLTLIB.DLL

VM Arguments:
jvm_args: -Xmx1G 
java_command: C:\Program Files (x86)\Android\android-sdk\build-tools\25.0.3\\lib\dx.jar --dex --no-strict --output obj\Debug\MonoAndroid81\android\bin C:\azure\myjobs 10 admin new\CommunityPortal\CommunityPortal.Android\obj\Debug\MonoAndroid81\android\bin\classes.zip C:\Program Files (x86)\Microsoft Visual Studio\2017\Community\Common7\IDE\ReferenceAssemblies\Microsoft\Framework\MonoAndroid\v8.1\mono.android.jar obj\\Debug\MonoAndroid81\lp\1\jl\formsviewgroup.jar obj\\Debug\MonoAndroid81\lp\13\jl\arch-core-common.jar obj\\Debug\MonoAndroid81\lp\14\jl\arch-lifecycle-common.jar obj\\Debug\MonoAndroid81\lp\15\jl\bin\classes.jar obj\\Debug\MonoAndroid81\lp\16\jl\bin\classes.jar obj\\Debug\MonoAndroid81\lp\18\jl\bin\classes.jar obj\\Debug\MonoAndroid81\lp\19\jl\bin\classes.jar obj\\Debug\MonoAndroid81\lp\20\jl\bin\classes.jar obj\\Debug\MonoAndroid81\lp\22\jl\bin\classes.jar obj\\Debug\MonoAndroid81\lp\23\jl\bin\classes.jar obj\\Debug\MonoAndroid81\lp\24\jl\bin\classes.jar obj\\Debug\MonoAndroid81\lp\25\jl\bin\classes.jar obj\\Debug\MonoAndroid81\lp\26\jl\bin\classes.jar obj\\Debug\MonoAndroid81\lp\27\jl\bin\classes.jar obj\\Debug\MonoAndroid81\lp\28\jl\bin\classes.jar obj\\Debug\MonoAndroid81\lp\29\jl\bin\classes.jar obj\\Debug\MonoAndroid81\lp\30\jl\bin\classes.jar obj\\Debug\MonoAndroid81\lp\31\jl\bin\classes.jar obj\\Debug\MonoAndroid81\lp\32\jl\bin\classes.jar C:\Users\Ishara\AppData\Local\Xamarin\Xamarin.Android.Support.CustomTabs\23.3.0.0\embedded\classes.jar
java_class_path (initial): C:\Program Files (x86)\Android\android-sdk\build-tools\25.0.3\\lib\dx.jar
Launcher Type: SUN_STANDARD

Environment Variables:
JAVA_HOME=C:\Program Files\Java\jdk1.8.0_181
PATH=C:\Program Files\Java\jdk1.8.0_181\bin;C:\Program Files (x86)\Intel\iCLS Client\;C:\Program Files\Intel\iCLS Client\;C:\Windows\system32;C:\Windows;C:\Windows\System32\Wbem;C:\Windows\System32\WindowsPowerShell\v1.0\;C:\Windows\System32\OpenSSH\;C:\Program Files\Intel\Intel(R) Management Engine Components\DAL;C:\Program Files\Intel\Intel(R) Management Engine Components\IPT;C:\Program Files (x86)\Intel\Intel(R) Management Engine Components\DAL;C:\Program Files (x86)\Intel\Intel(R) Management Engine Components\IPT;C:\Program Files\dotnet\;C:\Program Files\Microsoft SQL Server\130\Tools\Binn\;C:\Program Files\Microsoft SQL Server\Client SDK\ODBC\110\Tools\Binn\;C:\Program Files (x86)\Microsoft SQL Server\120\Tools\Binn\;C:\Program Files\Microsoft SQL Server\120\Tools\Binn\;C:\Program Files\Microsoft SQL Server\120\DTS\Binn\;C:\Program Files\nodejs\;C:\Users\Ishara\AppData\Local\Microsoft\WindowsApps;C:\Users\Ishara\AppData\Local\GitHubDesktop\bin;C:\Users\Ishara\AppData\Roaming\npm;C:\Users\Ishara\AppData\Local\Programs\Microsoft VS Code\bin
USERNAME=Ishara
OS=Windows_NT
PROCESSOR_IDENTIFIER=Intel64 Family 6 Model 69 Stepping 1, GenuineIntel



---------------  S Y S T E M  ---------------

OS: Windows 10.0 , 64 bit Build 17134 (10.0.17134.1)

CPU:total 4 (initial active 4) (2 cores per cpu, 2 threads per core) family 6 model 69 stepping 1, cmov, cx8, fxsr, mmx, sse, sse2, sse3, ssse3, sse4.1, sse4.2, popcnt, avx, avx2, aes, clmul, erms, lzcnt, ht, tsc, tscinvbit, bmi1, bmi2

Memory: 4k page, physical 8291720k(2061812k free), swap 9223300k(3060k free)

vm_info: Java HotSpot(TM) 64-Bit Server VM (25.181-b13) for windows-amd64 JRE (1.8.0_181-b13), built on Jul  7 2018 04:01:33 by "java_re" with MS VC++ 10.0 (VS2010)

time: Mon Feb 11 04:09:37 2019
elapsed time: 1 seconds (0d 0h 0m 1s)

