#
# There is insufficient memory for the Java Runtime Environment to continue.
# Native memory allocation (malloc) failed to allocate 78864 bytes for Chunk::new
# Possible reasons:
#   The system is out of physical RAM or swap space
#   In 32 bit mode, the process size limit was hit
# Possible solutions:
#   Reduce memory load on the system
#   Increase physical memory or swap space
#   Check if swap backing store is full
#   Use 64 bit Java on a 64 bit OS
#   Decrease Java heap size (-Xmx/-Xms)
#   Decrease number of Java threads
#   Decrease Java thread stack sizes (-Xss)
#   Set larger code cache with -XX:ReservedCodeCacheSize=
# This output file may be truncated or incomplete.
#
#  Out of Memory Error (allocation.cpp:390), pid=4308, tid=0x0000000000004518
#
# JRE version: Java(TM) SE Runtime Environment (8.0_181-b13) (build 1.8.0_181-b13)
# Java VM: Java HotSpot(TM) 64-Bit Server VM (25.181-b13 mixed mode windows-amd64 compressed oops)
# Failed to write core dump. Minidumps are not enabled by default on client versions of Windows
#

---------------  T H R E A D  ---------------

Current thread (0x0000000017385000):  JavaThread "C2 CompilerThread1" daemon [_thread_in_native, id=17688, stack(0x0000000018ad0000,0x0000000018bd0000)]

Stack: [0x0000000018ad0000,0x0000000018bd0000]
[error occurred during error reporting (printing stack bounds), id 0xc0000005]

Native frames: (J=compiled Java code, j=interpreted, Vv=VM code, C=native code)


Current CompileTask:
C2:   4865 2804       4       java.util.regex.Pattern$BmpCharProperty::match (50 bytes)


---------------  P R O C E S S  ---------------

Java Threads: ( => current thread )
  0x00000000173dd800 JavaThread "Service Thread" daemon [_thread_blocked, id=17320, stack(0x00000000190d0000,0x00000000191d0000)]
  0x0000000017388000 JavaThread "C1 CompilerThread2" daemon [_thread_blocked, id=17684, stack(0x0000000018bd0000,0x0000000018cd0000)]
=>0x0000000017385000 JavaThread "C2 CompilerThread1" daemon [_thread_in_native, id=17688, stack(0x0000000018ad0000,0x0000000018bd0000)]
  0x0000000017381000 JavaThread "C2 CompilerThread0" daemon [_thread_in_native, id=17696, stack(0x00000000189d0000,0x0000000018ad0000)]
  0x000000001737c800 JavaThread "Attach Listener" daemon [_thread_blocked, id=17544, stack(0x00000000188d0000,0x00000000189d0000)]
  0x000000001737b800 JavaThread "Signal Dispatcher" daemon [_thread_blocked, id=12200, stack(0x00000000187d0000,0x00000000188d0000)]
  0x000000000281c000 JavaThread "Finalizer" daemon [_thread_blocked, id=5980, stack(0x00000000185e0000,0x00000000186e0000)]
  0x0000000002813000 JavaThread "Reference Handler" daemon [_thread_blocked, id=13564, stack(0x00000000184e0000,0x00000000185e0000)]
  0x0000000002723000 JavaThread "main" [_thread_in_native, id=17704, stack(0x0000000002530000,0x0000000002630000)]

Other Threads:
  0x0000000017347800 VMThread [stack: 0x00000000183e0000,0x00000000184e0000] [id=8248]
  0x0000000018d05800 WatcherThread [stack: 0x00000000191d0000,0x00000000192d0000] [id=17700]

VM state:not at safepoint (normal execution)

VM Mutex/Monitor currently owned by a thread: None

Heap:
 PSYoungGen      total 39936K, used 23786K [0x00000000d5d00000, 0x00000000d9e80000, 0x0000000100000000)
  eden space 26624K, 65% used [0x00000000d5d00000,0x00000000d6e06580,0x00000000d7700000)
  from space 13312K, 47% used [0x00000000d8880000,0x00000000d8eb4458,0x00000000d9580000)
  to   space 17920K, 0% used [0x00000000d7700000,0x00000000d7700000,0x00000000d8880000)
 ParOldGen       total 29696K, used 29479K [0x0000000081600000, 0x0000000083300000, 0x00000000d5d00000)
  object space 29696K, 99% used [0x0000000081600000,0x00000000832c9e40,0x0000000083300000)
 Metaspace       used 9789K, capacity 10324K, committed 10624K, reserved 1058816K
  class space    used 1008K, capacity 1040K, committed 1152K, reserved 1048576K

Card table byte_map: [0x0000000011be0000,0x0000000011fe0000] byte_map_base: 0x00000000117d5000

Marking Bits: (ParMarkBitMap*) 0x000000006b542d00
 Begin Bits: [0x0000000012690000, 0x0000000014638000)
 End Bits:   [0x0000000014638000, 0x00000000165e0000)

Polling page: 0x0000000000960000

CodeCache: size=245760Kb used=12199Kb max_used=12199Kb free=233560Kb
 bounds [0x0000000002820000, 0x0000000003420000, 0x0000000011820000]
 total_blobs=3081 nmethods=2785 adapters=208
 compilation: enabled

Compilation events (10 events):
Event: 4.832 Thread 0x0000000017385000 2804       4       java.util.regex.Pattern$BmpCharProperty::match (50 bytes)
Event: 4.835 Thread 0x0000000017388000 2808       2       com.sun.tools.javac.comp.Flow$AssignAnalyzer::split (75 bytes)
Event: 4.835 Thread 0x0000000017388000 nmethod 2808 0x000000000340e6d0 code [0x000000000340e8a0, 0x000000000340ee38]
Event: 4.836 Thread 0x0000000017388000 2809       2       com.sun.tools.javac.comp.Flow$FlowAnalyzer::visitIf (32 bytes)
Event: 4.836 Thread 0x0000000017388000 nmethod 2809 0x0000000003406d50 code [0x0000000003406ee0, 0x00000000034071a8]
Event: 4.837 Thread 0x0000000017388000 2810       2       com.sun.tools.javac.comp.TransTypes::visitIf (58 bytes)
Event: 4.837 Thread 0x0000000017388000 nmethod 2810 0x000000000340df10 code [0x000000000340e0a0, 0x000000000340e4e8]
Event: 4.837 Thread 0x0000000017388000 2811       2       com.sun.tools.javac.comp.TransTypes::visitParens (37 bytes)
Event: 4.838 Thread 0x0000000017388000 nmethod 2811 0x000000000340d650 code [0x000000000340d7e0, 0x000000000340dbf8]
Event: 4.839 Thread 0x0000000017388000 2812       2       com.sun.tools.javac.comp.TransTypes::visitBinary (71 bytes)

GC Heap History (10 events):
Event: 1.842 GC heap before
{Heap before GC invocations=16 (full 3):
 PSYoungGen      total 34816K, used 32447K [0x00000000d5d00000, 0x00000000d8b00000, 0x0000000100000000)
  eden space 26624K, 100% used [0x00000000d5d00000,0x00000000d7700000,0x00000000d7700000)
  from space 8192K, 71% used [0x00000000d8300000,0x00000000d88afc18,0x00000000d8b00000)
  to   space 10240K, 0% used [0x00000000d7700000,0x00000000d7700000,0x00000000d8100000)
 ParOldGen       total 29696K, used 18646K [0x0000000081600000, 0x0000000083300000, 0x00000000d5d00000)
  object space 29696K, 62% used [0x0000000081600000,0x00000000828359e8,0x0000000083300000)
 Metaspace       used 7841K, capacity 8564K, committed 8704K, reserved 1056768K
  class space    used 912K, capacity 944K, committed 1024K, reserved 1048576K
Event: 1.853 GC heap after
Heap after GC invocations=16 (full 3):
 PSYoungGen      total 36864K, used 10218K [0x00000000d5d00000, 0x00000000d9580000, 0x0000000100000000)
  eden space 26624K, 0% used [0x00000000d5d00000,0x00000000d5d00000,0x00000000d7700000)
  from space 10240K, 99% used [0x00000000d7700000,0x00000000d80fa870,0x00000000d8100000)
  to   space 13312K, 0% used [0x00000000d8880000,0x00000000d8880000,0x00000000d9580000)
 ParOldGen       total 29696K, used 22606K [0x0000000081600000, 0x0000000083300000, 0x00000000d5d00000)
  object space 29696K, 76% used [0x0000000081600000,0x0000000082c13b28,0x0000000083300000)
 Metaspace       used 7841K, capacity 8564K, committed 8704K, reserved 1056768K
  class space    used 912K, capacity 944K, committed 1024K, reserved 1048576K
}
Event: 2.221 GC heap before
{Heap before GC invocations=17 (full 3):
 PSYoungGen      total 36864K, used 36842K [0x00000000d5d00000, 0x00000000d9580000, 0x0000000100000000)
  eden space 26624K, 100% used [0x00000000d5d00000,0x00000000d7700000,0x00000000d7700000)
  from space 10240K, 99% used [0x00000000d7700000,0x00000000d80fa870,0x00000000d8100000)
  to   space 13312K, 0% used [0x00000000d8880000,0x00000000d8880000,0x00000000d9580000)
 ParOldGen       total 29696K, used 22606K [0x0000000081600000, 0x0000000083300000, 0x00000000d5d00000)
  object space 29696K, 76% used [0x0000000081600000,0x0000000082c13b28,0x0000000083300000)
 Metaspace       used 8147K, capacity 8884K, committed 9216K, reserved 1056768K
  class space    used 917K, capacity 944K, committed 1024K, reserved 1048576K
Event: 2.247 GC heap after
Heap after GC invocations=17 (full 3):
 PSYoungGen      total 39936K, used 13300K [0x00000000d5d00000, 0x00000000d9e80000, 0x0000000100000000)
  eden space 26624K, 0% used [0x00000000d5d00000,0x00000000d5d00000,0x00000000d7700000)
  from space 13312K, 99% used [0x00000000d8880000,0x00000000d957d3c8,0x00000000d9580000)
  to   space 17920K, 0% used [0x00000000d7700000,0x00000000d7700000,0x00000000d8880000)
 ParOldGen       total 29696K, used 28736K [0x0000000081600000, 0x0000000083300000, 0x00000000d5d00000)
  object space 29696K, 96% used [0x0000000081600000,0x0000000083210188,0x0000000083300000)
 Metaspace       used 8147K, capacity 8884K, committed 9216K, reserved 1056768K
  class space    used 917K, capacity 944K, committed 1024K, reserved 1048576K
}
Event: 2.247 GC heap before
{Heap before GC invocations=18 (full 4):
 PSYoungGen      total 39936K, used 13300K [0x00000000d5d00000, 0x00000000d9e80000, 0x0000000100000000)
  eden space 26624K, 0% used [0x00000000d5d00000,0x00000000d5d00000,0x00000000d7700000)
  from space 13312K, 99% used [0x00000000d8880000,0x00000000d957d3c8,0x00000000d9580000)
  to   space 17920K, 0% used [0x00000000d7700000,0x00000000d7700000,0x00000000d8880000)
 ParOldGen       total 29696K, used 28736K [0x0000000081600000, 0x0000000083300000, 0x00000000d5d00000)
  object space 29696K, 96% used [0x0000000081600000,0x0000000083210188,0x0000000083300000)
 Metaspace       used 8147K, capacity 8884K, committed 9216K, reserved 1056768K
  class space    used 917K, capacity 944K, committed 1024K, reserved 1048576K
Event: 2.443 GC heap after
Heap after GC invocations=18 (full 4):
 PSYoungGen      total 39936K, used 10654K [0x00000000d5d00000, 0x00000000d9e80000, 0x0000000100000000)
  eden space 26624K, 0% used [0x00000000d5d00000,0x00000000d5d00000,0x00000000d7700000)
  from space 13312K, 80% used [0x00000000d8880000,0x00000000d92e7838,0x00000000d9580000)
  to   space 17920K, 0% used [0x00000000d7700000,0x00000000d7700000,0x00000000d8880000)
 ParOldGen       total 29696K, used 29321K [0x0000000081600000, 0x0000000083300000, 0x00000000d5d00000)
  object space 29696K, 98% used [0x0000000081600000,0x00000000832a2440,0x0000000083300000)
 Metaspace       used 8147K, capacity 8884K, committed 9216K, reserved 1056768K
  class space    used 917K, capacity 944K, committed 1024K, reserved 1048576K
}
Event: 3.252 GC heap before
{Heap before GC invocations=19 (full 5):
 PSYoungGen      total 39936K, used 37278K [0x00000000d5d00000, 0x00000000d9e80000, 0x0000000100000000)
  eden space 26624K, 100% used [0x00000000d5d00000,0x00000000d7700000,0x00000000d7700000)
  from space 13312K, 80% used [0x00000000d8880000,0x00000000d92e7838,0x00000000d9580000)
  to   space 17920K, 0% used [0x00000000d7700000,0x00000000d7700000,0x00000000d8880000)
 ParOldGen       total 29696K, used 29321K [0x0000000081600000, 0x0000000083300000, 0x00000000d5d00000)
  object space 29696K, 98% used [0x0000000081600000,0x00000000832a2440,0x0000000083300000)
 Metaspace       used 9202K, capacity 9812K, committed 10112K, reserved 1058816K
  class space    used 1007K, capacity 1040K, committed 1152K, reserved 1048576K
Event: 3.384 GC heap after
Heap after GC invocations=19 (full 5):
 PSYoungGen      total 39936K, used 8986K [0x00000000d5d00000, 0x00000000d9e80000, 0x0000000100000000)
  eden space 26624K, 0% used [0x00000000d5d00000,0x00000000d5d00000,0x00000000d7700000)
  from space 13312K, 67% used [0x00000000d8880000,0x00000000d9146a88,0x00000000d9580000)
  to   space 17920K, 0% used [0x00000000d7700000,0x00000000d7700000,0x00000000d8880000)
 ParOldGen       total 29696K, used 29593K [0x0000000081600000, 0x0000000083300000, 0x00000000d5d00000)
  object space 29696K, 99% used [0x0000000081600000,0x00000000832e6710,0x0000000083300000)
 Metaspace       used 9202K, capacity 9812K, committed 10112K, reserved 1058816K
  class space    used 1007K, capacity 1040K, committed 1152K, reserved 1048576K
}
Event: 4.184 GC heap before
{Heap before GC invocations=20 (full 6):
 PSYoungGen      total 39936K, used 35610K [0x00000000d5d00000, 0x00000000d9e80000, 0x0000000100000000)
  eden space 26624K, 100% used [0x00000000d5d00000,0x00000000d7700000,0x00000000d7700000)
  from space 13312K, 67% used [0x00000000d8880000,0x00000000d9146a88,0x00000000d9580000)
  to   space 17920K, 0% used [0x00000000d7700000,0x00000000d7700000,0x00000000d8880000)
 ParOldGen       total 29696K, used 29593K [0x0000000081600000, 0x0000000083300000, 0x00000000d5d00000)
  object space 29696K, 99% used [0x0000000081600000,0x00000000832e6710,0x0000000083300000)
 Metaspace       used 9613K, capacity 10196K, committed 10368K, reserved 1058816K
  class space    used 1008K, capacity 1040K, committed 1152K, reserved 1048576K
Event: 4.276 GC heap after
Heap after GC invocations=20 (full 6):
 PSYoungGen      total 39936K, used 6353K [0x00000000d5d00000, 0x00000000d9e80000, 0x0000000100000000)
  eden space 26624K, 0% used [0x00000000d5d00000,0x00000000d5d00000,0x00000000d7700000)
  from space 13312K, 47% used [0x00000000d8880000,0x00000000d8eb4458,0x00000000d9580000)
  to   space 17920K, 0% used [0x00000000d7700000,0x00000000d7700000,0x00000000d8880000)
 ParOldGen       total 29696K, used 29479K [0x0000000081600000, 0x0000000083300000, 0x00000000d5d00000)
  object space 29696K, 99% used [0x0000000081600000,0x00000000832c9e40,0x0000000083300000)
 Metaspace       used 9613K, capacity 10196K, committed 10368K, reserved 1058816K
  class space    used 1008K, capacity 1040K, committed 1152K, reserved 1048576K
}

Deoptimization events (10 events):
Event: 3.944 Thread 0x0000000002723000 Uncommon trap: reason=class_check action=maybe_recompile pc=0x000000000301c234 method=com.sun.tools.javac.code.Types.isAssignable(Lcom/sun/tools/javac/code/Type;Lcom/sun/tools/javac/code/Type;Lcom/sun/tools/javac/util/Warner;)Z @ 26
Event: 3.978 Thread 0x0000000002723000 Uncommon trap: reason=bimorphic action=maybe_recompile pc=0x0000000003030d74 method=com.sun.tools.javac.util.ListBuffer.addAll(Ljava/util/Collection;)Z @ 1
Event: 3.985 Thread 0x0000000002723000 Uncommon trap: reason=bimorphic action=maybe_recompile pc=0x0000000003030d74 method=com.sun.tools.javac.util.ListBuffer.addAll(Ljava/util/Collection;)Z @ 1
Event: 4.031 Thread 0x0000000002723000 Uncommon trap: reason=class_check action=maybe_recompile pc=0x0000000003219e60 method=com.sun.tools.javac.code.Types$HasSameArgs.visitMethodType(Lcom/sun/tools/javac/code/Type$MethodType;Ljava/lang/Object;)Ljava/lang/Object; @ 3
Event: 4.042 Thread 0x0000000002723000 Uncommon trap: reason=bimorphic action=maybe_recompile pc=0x0000000003030d74 method=com.sun.tools.javac.util.ListBuffer.addAll(Ljava/util/Collection;)Z @ 1
Event: 4.357 Thread 0x0000000002723000 Uncommon trap: reason=bimorphic action=maybe_recompile pc=0x0000000003030d74 method=com.sun.tools.javac.util.ListBuffer.addAll(Ljava/util/Collection;)Z @ 1
Event: 4.461 Thread 0x0000000002723000 Uncommon trap: reason=class_check action=maybe_recompile pc=0x000000000337d8cc method=com.sun.tools.javac.code.Types.resultSubtype(Lcom/sun/tools/javac/code/Type;Lcom/sun/tools/javac/code/Type;Lcom/sun/tools/javac/util/Warner;)Z @ 1
Event: 4.512 Thread 0x0000000002723000 Uncommon trap: reason=unstable_if action=reinterpret pc=0x000000000337db44 method=com.sun.tools.javac.code.Types.returnTypeSubstitutable(Lcom/sun/tools/javac/code/Type;Lcom/sun/tools/javac/code/Type;)Z @ 6
Event: 4.693 Thread 0x0000000002723000 Uncommon trap: reason=unstable_if action=reinterpret pc=0x0000000003248134 method=com.sun.tools.javac.code.Symbol.hiddenInInternal(Lcom/sun/tools/javac/code/Symbol$ClassSymbol;Lcom/sun/tools/javac/code/Types;)Lcom/sun/tools/javac/code/Symbol; @ 65
Event: 4.729 Thread 0x0000000002723000 Uncommon trap: reason=unstable_if action=reinterpret pc=0x000000000339d914 method=com.sun.tools.javac.code.Symbol$MethodSymbol.binaryOverrides(Lcom/sun/tools/javac/code/Symbol;Lcom/sun/tools/javac/code/Symbol$TypeSymbol;Lcom/sun/tools/javac/code/Types;)Z 

Classes redefined (0 events):
No events

Internal exceptions (9 events):
Event: 0.031 Thread 0x0000000002723000 Exception <a 'java/lang/NoSuchMethodError': Method sun.misc.Unsafe.defineClass(Ljava/lang/String;[BII)Ljava/lang/Class; name or signature does not match> (0x00000000d5d07cd8) thrown at [C:\re\workspace\8-2-build-windows-amd64-cygwin\jdk8u181\11358\hotspot
Event: 0.031 Thread 0x0000000002723000 Exception <a 'java/lang/NoSuchMethodError': Method sun.misc.Unsafe.prefetchRead(Ljava/lang/Object;J)V name or signature does not match> (0x00000000d5d07fc0) thrown at [C:\re\workspace\8-2-build-windows-amd64-cygwin\jdk8u181\11358\hotspot\src\share\vm\prim
Event: 0.130 Thread 0x0000000002723000 Exception <a 'java/security/PrivilegedActionException'> (0x00000000d5e78688) thrown at [C:\re\workspace\8-2-build-windows-amd64-cygwin\jdk8u181\11358\hotspot\src\share\vm\prims\jvm.cpp, line 1435]
Event: 0.130 Thread 0x0000000002723000 Exception <a 'java/security/PrivilegedActionException'> (0x00000000d5e78a80) thrown at [C:\re\workspace\8-2-build-windows-amd64-cygwin\jdk8u181\11358\hotspot\src\share\vm\prims\jvm.cpp, line 1435]
Event: 0.131 Thread 0x0000000002723000 Exception <a 'java/security/PrivilegedActionException'> (0x00000000d5e7cb78) thrown at [C:\re\workspace\8-2-build-windows-amd64-cygwin\jdk8u181\11358\hotspot\src\share\vm\prims\jvm.cpp, line 1435]
Event: 0.131 Thread 0x0000000002723000 Exception <a 'java/security/PrivilegedActionException'> (0x00000000d5e7cf70) thrown at [C:\re\workspace\8-2-build-windows-amd64-cygwin\jdk8u181\11358\hotspot\src\share\vm\prims\jvm.cpp, line 1435]
Event: 0.137 Thread 0x0000000002723000 Exception <a 'java/security/PrivilegedActionException'> (0x00000000d5d32a20) thrown at [C:\re\workspace\8-2-build-windows-amd64-cygwin\jdk8u181\11358\hotspot\src\share\vm\prims\jvm.cpp, line 1435]
Event: 0.137 Thread 0x0000000002723000 Exception <a 'java/security/PrivilegedActionException'> (0x00000000d5d32e18) thrown at [C:\re\workspace\8-2-build-windows-amd64-cygwin\jdk8u181\11358\hotspot\src\share\vm\prims\jvm.cpp, line 1435]
Event: 0.339 Thread 0x0000000002723000 Implicit null exception at 0x00000000029c4462 to 0x00000000029c4611

Events (10 events):
Event: 4.512 Thread 0x0000000002723000 DEOPT PACKING pc=0x000000000337db44 sp=0x000000000262e840
Event: 4.512 Thread 0x0000000002723000 DEOPT UNPACKING pc=0x000000000286583b sp=0x000000000262e760 mode 2
Event: 4.649 Thread 0x0000000002723000 DEOPT PACKING pc=0x00000000033a57e8 sp=0x000000000262e860
Event: 4.649 Thread 0x0000000002723000 DEOPT UNPACKING pc=0x0000000002867890 sp=0x000000000262e5d0 mode 0
Event: 4.693 Thread 0x0000000002723000 Uncommon trap: trap_request=0xffffff65 fr.pc=0x0000000003248134
Event: 4.693 Thread 0x0000000002723000 DEOPT PACKING pc=0x0000000003248134 sp=0x000000000262e870
Event: 4.693 Thread 0x0000000002723000 DEOPT UNPACKING pc=0x000000000286583b sp=0x000000000262e798 mode 2
Event: 4.729 Thread 0x0000000002723000 Uncommon trap: trap_request=0xffffff65 fr.pc=0x000000000339d914
Event: 4.729 Thread 0x0000000002723000 DEOPT PACKING pc=0x000000000339d914 sp=0x000000000262ea40
Event: 4.729 Thread 0x0000000002723000 DEOPT UNPACKING pc=0x000000000286583b sp=0x000000000262e9b8 mode 2


Dynamic libraries:
0x00007ff6c75f0000 - 0x00007ff6c75f7000 	C:\Program Files\Java\jdk1.8.0_181\bin\javac.exe
0x00007ffc3c640000 - 0x00007ffc3c821000 	C:\Windows\SYSTEM32\ntdll.dll
0x00007ffc3c550000 - 0x00007ffc3c602000 	C:\Windows\System32\KERNEL32.DLL
0x00007ffc39580000 - 0x00007ffc397f3000 	C:\Windows\System32\KERNELBASE.dll
0x000000006ac50000 - 0x000000006ac7f000 	C:\Program Files\Java\jdk1.8.0_181\bin\jli.dll
0x00007ffc3ad20000 - 0x00007ffc3adc1000 	C:\Windows\System32\ADVAPI32.dll
0x00007ffc3aec0000 - 0x00007ffc3af5e000 	C:\Windows\System32\msvcrt.dll
0x000000006ab70000 - 0x000000006ac42000 	C:\Program Files\Java\jdk1.8.0_181\bin\MSVCR100.dll
0x00007ffc3a620000 - 0x00007ffc3a67b000 	C:\Windows\System32\sechost.dll
0x00007ffc3a490000 - 0x00007ffc3a5b4000 	C:\Windows\System32\RPCRT4.dll
0x00007ffc3a940000 - 0x00007ffc3aad0000 	C:\Windows\System32\USER32.dll
0x00007ffc38bc0000 - 0x00007ffc38be0000 	C:\Windows\System32\win32u.dll
0x00007ffc2cb00000 - 0x00007ffc2cd69000 	C:\Windows\WinSxS\amd64_microsoft.windows.common-controls_6595b64144ccf1df_6.0.17134.228_none_fb4599993062b194\COMCTL32.dll
0x00007ffc3a910000 - 0x00007ffc3a938000 	C:\Windows\System32\GDI32.dll
0x00007ffc3a160000 - 0x00007ffc3a483000 	C:\Windows\System32\combase.dll
0x00007ffc398e0000 - 0x00007ffc39a72000 	C:\Windows\System32\gdi32full.dll
0x00007ffc38a10000 - 0x00007ffc38b0a000 	C:\Windows\System32\ucrtbase.dll
0x00007ffc394e0000 - 0x00007ffc3957f000 	C:\Windows\System32\msvcp_win.dll
0x00007ffc39800000 - 0x00007ffc3987a000 	C:\Windows\System32\bcryptPrimitives.dll
0x00007ffc3ab30000 - 0x00007ffc3ab5d000 	C:\Windows\System32\IMM32.DLL
0x000000006b5d0000 - 0x000000006b6a2000 	C:\Program Files\Java\jdk1.8.0_181\jre\bin\msvcr100.dll
0x000000006ad20000 - 0x000000006b5c2000 	C:\Program Files\Java\jdk1.8.0_181\jre\bin\server\jvm.dll
0x00007ffc39c50000 - 0x00007ffc39c58000 	C:\Windows\System32\PSAPI.DLL
0x00007ffc35790000 - 0x00007ffc357b3000 	C:\Windows\SYSTEM32\WINMM.dll
0x00007ffc2eaf0000 - 0x00007ffc2eaf9000 	C:\Windows\SYSTEM32\WSOCK32.dll
0x00007ffc2d6f0000 - 0x00007ffc2d6fa000 	C:\Windows\SYSTEM32\VERSION.dll
0x00007ffc3acb0000 - 0x00007ffc3ad1c000 	C:\Windows\System32\WS2_32.dll
0x00007ffc35760000 - 0x00007ffc3578a000 	C:\Windows\SYSTEM32\WINMMBASE.dll
0x00007ffc39a80000 - 0x00007ffc39ac9000 	C:\Windows\System32\cfgmgr32.dll
0x000000006ad10000 - 0x000000006ad1f000 	C:\Program Files\Java\jdk1.8.0_181\jre\bin\verify.dll
0x000000006ace0000 - 0x000000006ad09000 	C:\Program Files\Java\jdk1.8.0_181\jre\bin\java.dll
0x000000006acc0000 - 0x000000006acd6000 	C:\Program Files\Java\jdk1.8.0_181\jre\bin\zip.dll
0x00007ffc3af70000 - 0x00007ffc3c3b0000 	C:\Windows\System32\SHELL32.dll
0x00007ffc3a700000 - 0x00007ffc3a7a9000 	C:\Windows\System32\shcore.dll
0x00007ffc38dd0000 - 0x00007ffc394dd000 	C:\Windows\System32\windows.storage.dll
0x00007ffc3ab60000 - 0x00007ffc3abb1000 	C:\Windows\System32\shlwapi.dll
0x00007ffc389f0000 - 0x00007ffc38a01000 	C:\Windows\System32\kernel.appcore.dll
0x00007ffc38950000 - 0x00007ffc3896f000 	C:\Windows\System32\profapi.dll
0x00007ffc389a0000 - 0x00007ffc389ec000 	C:\Windows\System32\powrprof.dll
0x00007ffc38970000 - 0x00007ffc3897a000 	C:\Windows\System32\FLTLIB.DLL

VM Arguments:
jvm_args: -Dapplication.home=C:\Program Files\Java\jdk1.8.0_181 -Xms8m -Dfile.encoding=UTF8 
java_command: com.sun.tools.javac.Main -d obj\\Debug\MonoAndroid81\android\bin\classes -classpath C:\Program Files (x86)\Microsoft Visual Studio\2017\Community\Common7\IDE\ReferenceAssemblies\Microsoft\Framework\MonoAndroid\v8.1\mono.android.jar;obj\\Debug\MonoAndroid81\lp\1\jl\formsviewgroup.jar;obj\\Debug\MonoAndroid81\lp\13\jl\arch-core-common.jar;obj\\Debug\MonoAndroid81\lp\14\jl\arch-lifecycle-common.jar;obj\\Debug\MonoAndroid81\lp\15\jl\bin\classes.jar;obj\\Debug\MonoAndroid81\lp\16\jl\bin\classes.jar;obj\\Debug\MonoAndroid81\lp\18\jl\bin\classes.jar;obj\\Debug\MonoAndroid81\lp\19\jl\bin\classes.jar;obj\\Debug\MonoAndroid81\lp\20\jl\bin\classes.jar;obj\\Debug\MonoAndroid81\lp\22\jl\bin\classes.jar;obj\\Debug\MonoAndroid81\lp\23\jl\bin\classes.jar;obj\\Debug\MonoAndroid81\lp\24\jl\bin\classes.jar;obj\\Debug\MonoAndroid81\lp\25\jl\bin\classes.jar;obj\\Debug\MonoAndroid81\lp\26\jl\bin\classes.jar;obj\\Debug\MonoAndroid81\lp\27\jl\bin\classes.jar;obj\\Debug\MonoAndroid81\lp\28\jl\bin\classes.jar;obj\\Debug\MonoAndroid81\lp\29\jl\bin\classes.jar;obj\\Debug\MonoAndroid81\lp\30\jl\bin\classes.jar;obj\\Debug\MonoAndroid81\lp\31\jl\bin\classes.jar;obj\\Debug\MonoAndroid81\lp\32\jl\bin\classes.jar;C:\Users\Ishara\AppData\Local\Xamarin\Xamarin.Android.Support.CustomTabs\23.3.0.0\embedded\classes.jar;obj\\Debug\MonoAndroid81\lp\17\jl\support-annotations.jar -bootclasspath C:\Program Files (x86)\Android\android-sdk\platforms\android-27\android.jar -encoding UTF-8 @C:\Users\Ishara\AppData\Local\Temp\tmpF651.tmp
java_class_path (initial): C:\Program Files\Java\jdk1.8.0_181/lib/tools.jar;C:\Program Files\Java\jdk1.8.0_181/classes
Launcher Type: SUN_STANDARD

Environment Variables:
JAVA_HOME=C:\Program Files\Java\jdk1.8.0_181
PATH=C:\Program Files\Java\jdk1.8.0_181\bin;C:\Program Files (x86)\Intel\iCLS Client\;C:\Program Files\Intel\iCLS Client\;C:\Windows\system32;C:\Windows;C:\Windows\System32\Wbem;C:\Windows\System32\WindowsPowerShell\v1.0\;C:\Windows\System32\OpenSSH\;C:\Program Files\Intel\Intel(R) Management Engine Components\DAL;C:\Program Files\Intel\Intel(R) Management Engine Components\IPT;C:\Program Files (x86)\Intel\Intel(R) Management Engine Components\DAL;C:\Program Files (x86)\Intel\Intel(R) Management Engine Components\IPT;C:\Program Files\dotnet\;C:\Program Files\Microsoft SQL Server\130\Tools\Binn\;C:\Program Files\Microsoft SQL Server\Client SDK\ODBC\110\Tools\Binn\;C:\Program Files (x86)\Microsoft SQL Server\120\Tools\Binn\;C:\Program Files\Microsoft SQL Server\120\Tools\Binn\;C:\Program Files\Microsoft SQL Server\120\DTS\Binn\;C:\Program Files\nodejs\;C:\Users\Ishara\AppData\Local\Microsoft\WindowsApps;C:\Users\Ishara\AppData\Local\GitHubDesktop\bin;C:\Users\Ishara\AppData\Roaming\npm;C:\Users\Ishara\AppData\Local\Programs\Microsoft VS Code\bin
USERNAME=Ishara
OS=Windows_NT
PROCESSOR_IDENTIFIER=Intel64 Family 6 Model 69 Stepping 1, GenuineIntel



---------------  S Y S T E M  ---------------

OS: Windows 10.0 , 64 bit Build 17134 (10.0.17134.1)

CPU:total 4 (initial active 4) (2 cores per cpu, 2 threads per core) family 6 model 69 stepping 1, cmov, cx8, fxsr, mmx, sse, sse2, sse3, ssse3, sse4.1, sse4.2, popcnt, avx, avx2, aes, clmul, erms, lzcnt, ht, tsc, tscinvbit, bmi1, bmi2

Memory: 4k page, physical 8291720k(1908916k free), swap 9292660k(4644k free)

vm_info: Java HotSpot(TM) 64-Bit Server VM (25.181-b13) for windows-amd64 JRE (1.8.0_181-b13), built on Jul  7 2018 04:01:33 by "java_re" with MS VC++ 10.0 (VS2010)

time: Mon Feb 11 04:11:38 2019
elapsed time: 4 seconds (0d 0h 0m 4s)

